fail: build/src/sysycc --clang -L libsysy -o /tmp/tmp.out testcases/official-testcases/function_test2020/02_arr_defn4.sy
warning: overriding the module target triple with i386-pc-linux-gnu [-Woverride-module]
1 warning generated.
/usr/bin/ld: /tmp/1804289383-46c773.o: in function `main':
1804289383.ll:(.text+0x21): undefined reference to `_sysy_set_i32_array'
/usr/bin/ld: 1804289383.ll:(.text+0x83): undefined reference to `_sysy_set_i32_array'
clang: error: linker command failed with exit code 1 (use -v to see invocation)
fail: build/src/sysycc --clang -L libsysy -o /tmp/tmp.out testcases/official-testcases/2021_qual/h_functional/084_expr_eval.sy
warning: overriding the module target triple with i386-pc-linux-gnu [-Woverride-module]
1 warning generated.
/usr/bin/ld: /tmp/1804289383-65cde3.o: in function `eval':
1804289383.ll:(.text+0x318): undefined reference to `_sysy_set_i32_array'
/usr/bin/ld: 1804289383.ll:(.text+0x33a): undefined reference to `_sysy_set_i32_array'
clang: error: linker command failed with exit code 1 (use -v to see invocation)
fail: build/src/sysycc --clang -L libsysy -o /tmp/tmp.out testcases/official-testcases/2021_qual/h_functional/105_long_array2.sy
warning: overriding the module target triple with i386-pc-linux-gnu [-Woverride-module]
1 warning generated.
/usr/bin/ld: /tmp/1804289383-4f51d3.o: in function `main':
1804289383.ll:(.text+0x77): undefined reference to `_sysy_set_i32_array'
/usr/bin/ld: 1804289383.ll:(.text+0xdb): undefined reference to `_sysy_set_i32_array'
clang: error: linker command failed with exit code 1 (use -v to see invocation)
fail: build/src/sysycc --clang -L libsysy -o /tmp/tmp.out testcases/official-testcases/2021_qual/h_functional/109_many_params2.sy
warning: overriding the module target triple with i386-pc-linux-gnu [-Woverride-module]
1 warning generated.
/usr/bin/ld: /tmp/1804289383-bdff76.o: in function `main':
1804289383.ll:(.text+0x12b): undefined reference to `_sysy_set_i32_array'
/usr/bin/ld: 1804289383.ll:(.text+0x14d): undefined reference to `_sysy_set_i32_array'
clang: error: linker command failed with exit code 1 (use -v to see invocation)
fail: build/src/sysycc --clang -L libsysy -o /tmp/tmp.out testcases/official-testcases/2021_qual/h_functional/089_hidden_var.sy
warning: overriding the module target triple with i386-pc-linux-gnu [-Woverride-module]
1 warning generated.
/usr/bin/ld: /tmp/1804289383-54f82e.o: in function `main':
1804289383.ll:(.text+0xe8): undefined reference to `_sysy_set_i32_array'
/usr/bin/ld: 1804289383.ll:(.text+0x14e): undefined reference to `_sysy_set_i32_array'
clang: error: linker command failed with exit code 1 (use -v to see invocation)
fail: build/src/sysycc --clang -L libsysy -o /tmp/tmp.out testcases/official-testcases/2021_qual/h_functional/094_substr.sy
warning: overriding the module target triple with i386-pc-linux-gnu [-Woverride-module]
1 warning generated.
/usr/bin/ld: /tmp/1804289383-3a9f37.o: in function `max_sum_nonadjacent':
1804289383.ll:(.text+0x6a): undefined reference to `_sysy_set_i32_array'
/usr/bin/ld: /tmp/1804289383-3a9f37.o: in function `longest_common_subseq':
1804289383.ll:(.text+0x152): undefined reference to `_sysy_set_i32_array'
/usr/bin/ld: /tmp/1804289383-3a9f37.o: in function `main':
1804289383.ll:(.text+0x2b4): undefined reference to `_sysy_set_i32_array'
/usr/bin/ld: 1804289383.ll:(.text+0x363): undefined reference to `_sysy_set_i32_array'
clang: error: linker command failed with exit code 1 (use -v to see invocation)
fail: build/src/sysycc --clang -L libsysy -o /tmp/tmp.out testcases/official-testcases/2021_qual/h_functional/081_exgcd.sy
warning: overriding the module target triple with i386-pc-linux-gnu [-Woverride-module]
1 warning generated.
/usr/bin/ld: /tmp/1804289383-4999cc.o: in function `main':
1804289383.ll:(.text+0xf2): undefined reference to `_sysy_set_i32_array'
/usr/bin/ld: 1804289383.ll:(.text+0x11c): undefined reference to `_sysy_set_i32_array'
clang: error: linker command failed with exit code 1 (use -v to see invocation)
fail: build/src/sysycc --clang -L libsysy -o /tmp/tmp.out testcases/official-testcases/2021_qual/h_functional/097_var_name.sy
warning: overriding the module target triple with i386-pc-linux-gnu [-Woverride-module]
1 warning generated.
/usr/bin/ld: /tmp/1804289383-d87cc0.o: in function `main':
1804289383.ll:(.text+0x31): undefined reference to `_sysy_set_i32_array'
clang: error: linker command failed with exit code 1 (use -v to see invocation)
fail: build/src/sysycc --clang -L libsysy -o /tmp/tmp.out testcases/official-testcases/2021_qual/h_functional/112_many_locals.sy
warning: overriding the module target triple with i386-pc-linux-gnu [-Woverride-module]
1 warning generated.
/usr/bin/ld: /tmp/1804289383-463787.o: in function `foo':
1804289383.ll:(.text+0x24): undefined reference to `_sysy_set_i32_array'
clang: error: linker command failed with exit code 1 (use -v to see invocation)
fail: build/src/sysycc --clang -L libsysy -o /tmp/tmp.out testcases/official-testcases/2021_qual/h_functional/108_many_params.sy
warning: overriding the module target triple with i386-pc-linux-gnu [-Woverride-module]
1 warning generated.
/usr/bin/ld: /tmp/1804289383-ddf027.o: in function `param16':
1804289383.ll:(.text+0xafd): undefined reference to `_sysy_set_i32_array'
/usr/bin/ld: /tmp/1804289383-ddf027.o: in function `main':
1804289383.ll:(.text+0xf0e): undefined reference to `_sysy_set_i32_array'
clang: error: linker command failed with exit code 1 (use -v to see invocation)
fail: build/src/sysycc --clang -L libsysy -o /tmp/tmp.out testcases/official-testcases/2021_qual/functional/073_backpack.sy
warning: overriding the module target triple with i386-pc-linux-gnu [-Woverride-module]
1 warning generated.
/usr/bin/ld: /tmp/1804289383-734144.o: in function `main':
1804289383.ll:(.text+0x233): undefined reference to `_sysy_set_i32_array'
/usr/bin/ld: 1804289383.ll:(.text+0x285): undefined reference to `_sysy_set_i32_array'
clang: error: linker command failed with exit code 1 (use -v to see invocation)
fail: build/src/sysycc --clang -L libsysy -o /tmp/tmp.out testcases/official-testcases/2021_qual/functional/078_big_int_mul.sy
warning: overriding the module target triple with i386-pc-linux-gnu [-Woverride-module]
1 warning generated.
/usr/bin/ld: /tmp/1804289383-239bfa.o: in function `main':
1804289383.ll:(.text+0x28): undefined reference to `_sysy_set_i32_array'
/usr/bin/ld: 1804289383.ll:(.text+0x129): undefined reference to `_sysy_set_i32_array'
/usr/bin/ld: 1804289383.ll:(.text+0x241): undefined reference to `_sysy_set_i32_array'
clang: error: linker command failed with exit code 1 (use -v to see invocation)
fail: build/src/sysycc --clang -L libsysy -o /tmp/tmp.out testcases/official-testcases/2021_qual/functional/071_exchange_array.sy
warning: overriding the module target triple with i386-pc-linux-gnu [-Woverride-module]
1 warning generated.
/usr/bin/ld: /tmp/1804289383-1fdfc6.o: in function `main':
1804289383.ll:(.text+0x26): undefined reference to `_sysy_set_i32_array'
clang: error: linker command failed with exit code 1 (use -v to see invocation)
fail: build/src/sysycc --clang -L libsysy -o /tmp/tmp.out testcases/official-testcases/2021_qual/functional/006_arr_defn3.sy
warning: overriding the module target triple with i386-pc-linux-gnu [-Woverride-module]
1 warning generated.
/usr/bin/ld: /tmp/1804289383-ebcab6.o: in function `main':
1804289383.ll:(.text+0x27): undefined reference to `_sysy_set_i32_array'
/usr/bin/ld: 1804289383.ll:(.text+0x4c): undefined reference to `_sysy_set_i32_array'
/usr/bin/ld: 1804289383.ll:(.text+0xc6): undefined reference to `_sysy_set_i32_array'
/usr/bin/ld: 1804289383.ll:(.text+0x131): undefined reference to `_sysy_set_i32_array'
/usr/bin/ld: 1804289383.ll:(.text+0x183): undefined reference to `_sysy_set_i32_array'
clang: error: linker command failed with exit code 1 (use -v to see invocation)
fail: build/src/sysycc --clang -L libsysy -o /tmp/tmp.out testcases/official-testcases/2021_qual/functional/007_arr_defn4.sy
warning: overriding the module target triple with i386-pc-linux-gnu [-Woverride-module]
1 warning generated.
/usr/bin/ld: /tmp/1804289383-817ae4.o: in function `main':
1804289383.ll:(.text+0x27): undefined reference to `_sysy_set_i32_array'
/usr/bin/ld: 1804289383.ll:(.text+0x8e): undefined reference to `_sysy_set_i32_array'
/usr/bin/ld: 1804289383.ll:(.text+0xb0): undefined reference to `_sysy_set_i32_array'
/usr/bin/ld: 1804289383.ll:(.text+0x118): undefined reference to `_sysy_set_i32_array'
/usr/bin/ld: 1804289383.ll:(.text+0x16d): undefined reference to `_sysy_set_i32_array'
clang: error: linker command failed with exit code 1 (use -v to see invocation)
fail: build/src/sysycc --clang -L libsysy -o /tmp/tmp.out testcases/official-testcases/function_test2022/96_matrix_add.sy
[yyerror] syntax error
warning: overriding the module target triple with i386-pc-linux-gnu [-Woverride-module]
1 warning generated.
/usr/bin/ld: /usr/bin/../lib/gcc/x86_64-linux-gnu/9/../../../../lib32/crt1.o: in function `_start':
(.text+0x2c): undefined reference to `main'
clang: error: linker command failed with exit code 1 (use -v to see invocation)
fail: build/src/sysycc --clang -L libsysy -o /tmp/tmp.out testcases/official-testcases/function_test2022/84_long_array2.sy
warning: overriding the module target triple with i386-pc-linux-gnu [-Woverride-module]
1 warning generated.
/usr/bin/ld: /tmp/1804289383-846e01.o: in function `main':
1804289383.ll:(.text+0x77): undefined reference to `_sysy_set_i32_array'
/usr/bin/ld: 1804289383.ll:(.text+0xdb): undefined reference to `_sysy_set_i32_array'
clang: error: linker command failed with exit code 1 (use -v to see invocation)
fail: build/src/sysycc --clang -L libsysy -o /tmp/tmp.out testcases/official-testcases/function_test2022/99_matrix_tran.sy
[yyerror] syntax error
warning: overriding the module target triple with i386-pc-linux-gnu [-Woverride-module]
1 warning generated.
/usr/bin/ld: /usr/bin/../lib/gcc/x86_64-linux-gnu/9/../../../../lib32/crt1.o: in function `_start':
(.text+0x2c): undefined reference to `main'
clang: error: linker command failed with exit code 1 (use -v to see invocation)
fail: build/src/sysycc --clang -L libsysy -o /tmp/tmp.out testcases/official-testcases/function_test2022/98_matrix_mul.sy
[yyerror] syntax error
warning: overriding the module target triple with i386-pc-linux-gnu [-Woverride-module]
1 warning generated.
/usr/bin/ld: /usr/bin/../lib/gcc/x86_64-linux-gnu/9/../../../../lib32/crt1.o: in function `_start':
(.text+0x2c): undefined reference to `main'
clang: error: linker command failed with exit code 1 (use -v to see invocation)
fail: build/src/sysycc --clang -L libsysy -o /tmp/tmp.out testcases/official-testcases/function_test2022/05_arr_defn4.sy
warning: overriding the module target triple with i386-pc-linux-gnu [-Woverride-module]
1 warning generated.
/usr/bin/ld: /tmp/1804289383-142842.o: in function `main':
1804289383.ll:(.text+0x27): undefined reference to `_sysy_set_i32_array'
/usr/bin/ld: 1804289383.ll:(.text+0x8e): undefined reference to `_sysy_set_i32_array'
/usr/bin/ld: 1804289383.ll:(.text+0xb0): undefined reference to `_sysy_set_i32_array'
/usr/bin/ld: 1804289383.ll:(.text+0x118): undefined reference to `_sysy_set_i32_array'
/usr/bin/ld: 1804289383.ll:(.text+0x16d): undefined reference to `_sysy_set_i32_array'
clang: error: linker command failed with exit code 1 (use -v to see invocation)
fail: build/src/sysycc --clang -L libsysy -o /tmp/tmp.out testcases/official-testcases/function_test2022/87_many_params.sy
warning: overriding the module target triple with i386-pc-linux-gnu [-Woverride-module]
1 warning generated.
/usr/bin/ld: /tmp/1804289383-d470c2.o: in function `param16':
1804289383.ll:(.text+0xafd): undefined reference to `_sysy_set_i32_array'
/usr/bin/ld: /tmp/1804289383-d470c2.o: in function `main':
1804289383.ll:(.text+0xf0e): undefined reference to `_sysy_set_i32_array'
clang: error: linker command failed with exit code 1 (use -v to see invocation)
fail: build/src/sysycc --clang -L libsysy -o /tmp/tmp.out testcases/official-testcases/function_test2022/88_many_params2.sy
warning: overriding the module target triple with i386-pc-linux-gnu [-Woverride-module]
1 warning generated.
/usr/bin/ld: /tmp/1804289383-d90d1a.o: in function `main':
1804289383.ll:(.text+0x12b): undefined reference to `_sysy_set_i32_array'
/usr/bin/ld: 1804289383.ll:(.text+0x14d): undefined reference to `_sysy_set_i32_array'
clang: error: linker command failed with exit code 1 (use -v to see invocation)
fail: build/src/sysycc --clang -L libsysy -o /tmp/tmp.out testcases/official-testcases/function_test2022/66_exgcd.sy
warning: overriding the module target triple with i386-pc-linux-gnu [-Woverride-module]
1 warning generated.
/usr/bin/ld: /tmp/1804289383-5aa3d0.o: in function `main':
1804289383.ll:(.text+0xf2): undefined reference to `_sysy_set_i32_array'
/usr/bin/ld: 1804289383.ll:(.text+0x11c): undefined reference to `_sysy_set_i32_array'
clang: error: linker command failed with exit code 1 (use -v to see invocation)
fail: build/src/sysycc --clang -L libsysy -o /tmp/tmp.out testcases/official-testcases/function_test2022/69_expr_eval.sy
warning: overriding the module target triple with i386-pc-linux-gnu [-Woverride-module]
1 warning generated.
/usr/bin/ld: /tmp/1804289383-eee4c4.o: in function `eval':
1804289383.ll:(.text+0x318): undefined reference to `_sysy_set_i32_array'
/usr/bin/ld: 1804289383.ll:(.text+0x33a): undefined reference to `_sysy_set_i32_array'
clang: error: linker command failed with exit code 1 (use -v to see invocation)
fail: build/src/sysycc --clang -L libsysy -o /tmp/tmp.out testcases/official-testcases/function_test2022/97_matrix_sub.sy
[yyerror] syntax error
warning: overriding the module target triple with i386-pc-linux-gnu [-Woverride-module]
1 warning generated.
/usr/bin/ld: /usr/bin/../lib/gcc/x86_64-linux-gnu/9/../../../../lib32/crt1.o: in function `_start':
(.text+0x2c): undefined reference to `main'
clang: error: linker command failed with exit code 1 (use -v to see invocation)
fail: build/src/sysycc --clang -L libsysy -o /tmp/tmp.out testcases/official-testcases/function_test2022/04_arr_defn3.sy
warning: overriding the module target triple with i386-pc-linux-gnu [-Woverride-module]
1 warning generated.
/usr/bin/ld: /tmp/1804289383-d326b3.o: in function `main':
1804289383.ll:(.text+0x27): undefined reference to `_sysy_set_i32_array'
/usr/bin/ld: 1804289383.ll:(.text+0x4c): undefined reference to `_sysy_set_i32_array'
/usr/bin/ld: 1804289383.ll:(.text+0xc6): undefined reference to `_sysy_set_i32_array'
/usr/bin/ld: 1804289383.ll:(.text+0x131): undefined reference to `_sysy_set_i32_array'
/usr/bin/ld: 1804289383.ll:(.text+0x183): undefined reference to `_sysy_set_i32_array'
clang: error: linker command failed with exit code 1 (use -v to see invocation)
fail: build/src/sysycc --clang -L libsysy -o /tmp/tmp.out testcases/official-testcases/function_test2022/63_big_int_mul.sy
warning: overriding the module target triple with i386-pc-linux-gnu [-Woverride-module]
1 warning generated.
/usr/bin/ld: /tmp/1804289383-19c135.o: in function `main':
1804289383.ll:(.text+0x28): undefined reference to `_sysy_set_i32_array'
/usr/bin/ld: 1804289383.ll:(.text+0x129): undefined reference to `_sysy_set_i32_array'
/usr/bin/ld: 1804289383.ll:(.text+0x241): undefined reference to `_sysy_set_i32_array'
clang: error: linker command failed with exit code 1 (use -v to see invocation)
fail: build/src/sysycc --clang -L libsysy -o /tmp/tmp.out testcases/official-testcases/function_test2022/95_float.sy
[yyerror] syntax error
warning: overriding the module target triple with i386-pc-linux-gnu [-Woverride-module]
1 warning generated.
/usr/bin/ld: /usr/bin/../lib/gcc/x86_64-linux-gnu/9/../../../../lib32/crt1.o: in function `_start':
(.text+0x2c): undefined reference to `main'
clang: error: linker command failed with exit code 1 (use -v to see invocation)
fail: build/src/sysycc --clang -L libsysy -o /tmp/tmp.out testcases/official-testcases/function_test2022/54_hidden_var.sy
warning: overriding the module target triple with i386-pc-linux-gnu [-Woverride-module]
1 warning generated.
/usr/bin/ld: /tmp/1804289383-82aaa8.o: in function `main':
1804289383.ll:(.text+0xe8): undefined reference to `_sysy_set_i32_array'
/usr/bin/ld: 1804289383.ll:(.text+0x14e): undefined reference to `_sysy_set_i32_array'
clang: error: linker command failed with exit code 1 (use -v to see invocation)
fail: build/src/sysycc --clang -L libsysy -o /tmp/tmp.out testcases/official-testcases/function_test2022/79_var_name.sy
warning: overriding the module target triple with i386-pc-linux-gnu [-Woverride-module]
1 warning generated.
/usr/bin/ld: /tmp/1804289383-01246c.o: in function `main':
1804289383.ll:(.text+0x31): undefined reference to `_sysy_set_i32_array'
clang: error: linker command failed with exit code 1 (use -v to see invocation)
fail: build/src/sysycc --clang -L libsysy -o /tmp/tmp.out testcases/official-testcases/function_test2022/77_substr.sy
warning: overriding the module target triple with i386-pc-linux-gnu [-Woverride-module]
1 warning generated.
/usr/bin/ld: /tmp/1804289383-787e6b.o: in function `max_sum_nonadjacent':
1804289383.ll:(.text+0x6a): undefined reference to `_sysy_set_i32_array'
/usr/bin/ld: /tmp/1804289383-787e6b.o: in function `longest_common_subseq':
1804289383.ll:(.text+0x152): undefined reference to `_sysy_set_i32_array'
/usr/bin/ld: /tmp/1804289383-787e6b.o: in function `main':
1804289383.ll:(.text+0x2b4): undefined reference to `_sysy_set_i32_array'
/usr/bin/ld: 1804289383.ll:(.text+0x363): undefined reference to `_sysy_set_i32_array'
clang: error: linker command failed with exit code 1 (use -v to see invocation)
fail: build/src/sysycc --clang -L libsysy -o /tmp/tmp.out testcases/official-testcases/function_test2022/90_many_locals.sy
warning: overriding the module target triple with i386-pc-linux-gnu [-Woverride-module]
1 warning generated.
/usr/bin/ld: /tmp/1804289383-cb2bee.o: in function `foo':
1804289383.ll:(.text+0x24): undefined reference to `_sysy_set_i32_array'
clang: error: linker command failed with exit code 1 (use -v to see invocation)
fail: build/src/sysycc --clang -L libsysy -o /tmp/tmp.out testcases/official-testcases/function_test2021/073_backpack.sy
warning: overriding the module target triple with i386-pc-linux-gnu [-Woverride-module]
1 warning generated.
/usr/bin/ld: /tmp/1804289383-304ec8.o: in function `main':
1804289383.ll:(.text+0x233): undefined reference to `_sysy_set_i32_array'
/usr/bin/ld: 1804289383.ll:(.text+0x285): undefined reference to `_sysy_set_i32_array'
clang: error: linker command failed with exit code 1 (use -v to see invocation)
fail: build/src/sysycc --clang -L libsysy -o /tmp/tmp.out testcases/official-testcases/function_test2021/078_big_int_mul.sy
warning: overriding the module target triple with i386-pc-linux-gnu [-Woverride-module]
1 warning generated.
/usr/bin/ld: /tmp/1804289383-0c0d8c.o: in function `main':
1804289383.ll:(.text+0x28): undefined reference to `_sysy_set_i32_array'
/usr/bin/ld: 1804289383.ll:(.text+0x129): undefined reference to `_sysy_set_i32_array'
/usr/bin/ld: 1804289383.ll:(.text+0x241): undefined reference to `_sysy_set_i32_array'
clang: error: linker command failed with exit code 1 (use -v to see invocation)
fail: build/src/sysycc --clang -L libsysy -o /tmp/tmp.out testcases/official-testcases/function_test2021/071_exchange_array.sy
warning: overriding the module target triple with i386-pc-linux-gnu [-Woverride-module]
1 warning generated.
/usr/bin/ld: /tmp/1804289383-700fb5.o: in function `main':
1804289383.ll:(.text+0x26): undefined reference to `_sysy_set_i32_array'
clang: error: linker command failed with exit code 1 (use -v to see invocation)
fail: build/src/sysycc --clang -L libsysy -o /tmp/tmp.out testcases/official-testcases/function_test2021/006_arr_defn3.sy
warning: overriding the module target triple with i386-pc-linux-gnu [-Woverride-module]
1 warning generated.
/usr/bin/ld: /tmp/1804289383-c63b8c.o: in function `main':
1804289383.ll:(.text+0x27): undefined reference to `_sysy_set_i32_array'
/usr/bin/ld: 1804289383.ll:(.text+0x4c): undefined reference to `_sysy_set_i32_array'
/usr/bin/ld: 1804289383.ll:(.text+0xc6): undefined reference to `_sysy_set_i32_array'
/usr/bin/ld: 1804289383.ll:(.text+0x131): undefined reference to `_sysy_set_i32_array'
/usr/bin/ld: 1804289383.ll:(.text+0x183): undefined reference to `_sysy_set_i32_array'
clang: error: linker command failed with exit code 1 (use -v to see invocation)
fail: build/src/sysycc --clang -L libsysy -o /tmp/tmp.out testcases/official-testcases/function_test2021/007_arr_defn4.sy
warning: overriding the module target triple with i386-pc-linux-gnu [-Woverride-module]
1 warning generated.
/usr/bin/ld: /tmp/1804289383-d516a3.o: in function `main':
1804289383.ll:(.text+0x27): undefined reference to `_sysy_set_i32_array'
/usr/bin/ld: 1804289383.ll:(.text+0x8e): undefined reference to `_sysy_set_i32_array'
/usr/bin/ld: 1804289383.ll:(.text+0xb0): undefined reference to `_sysy_set_i32_array'
/usr/bin/ld: 1804289383.ll:(.text+0x118): undefined reference to `_sysy_set_i32_array'
/usr/bin/ld: 1804289383.ll:(.text+0x16d): undefined reference to `_sysy_set_i32_array'
clang: error: linker command failed with exit code 1 (use -v to see invocation)
